<?xml version="1.0" encoding="UTF-8"?>
<testsuite xmlns:xsi="http://www.w3.org/2001/XMLSchema-instance" xsi:noNamespaceSchemaLocation="https://maven.apache.org/surefire/maven-surefire-plugin/xsd/surefire-test-report-3.0.xsd" version="3.0" name="TestSuite" time="2.647" tests="35" errors="0" skipped="0" failures="35">
  <properties>
[...]
</properties>
  <testcase name="verifyTaxRate" classname="AppTest" time="0.986">
    <failure message="Target host is null" type="java.lang.IllegalStateException">java.lang.IllegalStateException: Target host is null
	at AppTest.verifyTaxRate(AppTest.java:72)
</failure>
    <system-out><![CDATA[...
... TestNG 6.14.3 by Cédric Beust (cedric@beust.com)
...

]]></system-out>
  </testcase>
  <testcase name="verifyTaxRate" classname="AppTest" time="0.006">
    <failure message="Target host is null" type="java.lang.IllegalStateException">java.lang.IllegalStateException: Target host is null
	at AppTest.verifyTaxRate(AppTest.java:72)
</failure>
  </testcase>
  <testcase name="verifyTaxRate" classname="AppTest" time="0.007">
    <failure message="Target host is null" type="java.lang.IllegalStateException">java.lang.IllegalStateException: Target host is null
	at AppTest.verifyTaxRate(AppTest.java:72)
</failure>
  </testcase>
  <testcase name="verifyTaxRate" classname="AppTest" time="0.008">
    <failure message="Target host is null" type="java.lang.IllegalStateException">java.lang.IllegalStateException: Target host is null
	at AppTest.verifyTaxRate(AppTest.java:72)
</failure>
  </testcase>
  <testcase name="verifyTaxRate" classname="AppTest" time="0.006">
    <failure message="Target host is null" type="java.lang.IllegalStateException">java.lang.IllegalStateException: Target host is null
	at AppTest.verifyTaxRate(AppTest.java:72)
</failure>
  </testcase>
  <testcase name="verifyTaxRate" classname="AppTest" time="0.007">
    <failure message="Target host is null" type="java.lang.IllegalStateException">java.lang.IllegalStateException: Target host is null
	at AppTest.verifyTaxRate(AppTest.java:72)
</failure>
  </testcase>
  <testcase name="verifyTaxRate" classname="AppTest" time="0.006">
    <failure message="Target host is null" type="java.lang.IllegalStateException">java.lang.IllegalStateException: Target host is null
	at AppTest.verifyTaxRate(AppTest.java:72)
</failure>
  </testcase>
  <testcase name="verifyTaxRate" classname="AppTest" time="0.006">
    <failure message="Target host is null" type="java.lang.IllegalStateException">java.lang.IllegalStateException: Target host is null
	at AppTest.verifyTaxRate(AppTest.java:72)
</failure>
  </testcase>
  <testcase name="verifyTaxRate" classname="AppTest" time="0.005">
    <failure message="Target host is null" type="java.lang.IllegalStateException">java.lang.IllegalStateException: Target host is null
	at AppTest.verifyTaxRate(AppTest.java:72)
</failure>
  </testcase>
  <testcase name="verifyTaxRate" classname="AppTest" time="0.004">
    <failure message="Target host is null" type="java.lang.IllegalStateException">java.lang.IllegalStateException: Target host is null
	at AppTest.verifyTaxRate(AppTest.java:72)
</failure>
  </testcase>
  <testcase name="verifyTaxRate" classname="AppTest" time="0.004">
    <failure message="Target host is null" type="java.lang.IllegalStateException">java.lang.IllegalStateException: Target host is null
	at AppTest.verifyTaxRate(AppTest.java:72)
</failure>
  </testcase>
  <testcase name="verifyTaxRate" classname="AppTest" time="0.005">
    <failure message="Target host is null" type="java.lang.IllegalStateException">java.lang.IllegalStateException: Target host is null
	at AppTest.verifyTaxRate(AppTest.java:72)
</failure>
  </testcase>
  <testcase name="verifyTaxRate" classname="AppTest" time="0.005">
    <failure message="Target host is null" type="java.lang.IllegalStateException">java.lang.IllegalStateException: Target host is null
	at AppTest.verifyTaxRate(AppTest.java:72)
</failure>
  </testcase>
  <testcase name="verifyTaxRate" classname="AppTest" time="0.004">
    <failure message="Target host is null" type="java.lang.IllegalStateException">java.lang.IllegalStateException: Target host is null
	at AppTest.verifyTaxRate(AppTest.java:72)
</failure>
  </testcase>
  <testcase name="verifyTaxRate" classname="AppTest" time="0.015">
    <failure message="Target host is null" type="java.lang.IllegalStateException">java.lang.IllegalStateException: Target host is null
	at AppTest.verifyTaxRate(AppTest.java:72)
</failure>
  </testcase>
  <testcase name="verifyTaxRate" classname="AppTest" time="0.012">
    <failure message="Target host is null" type="java.lang.IllegalStateException">java.lang.IllegalStateException: Target host is null
	at AppTest.verifyTaxRate(AppTest.java:72)
</failure>
  </testcase>
  <testcase name="verifyTaxRate" classname="AppTest" time="0.004">
    <failure message="Target host is null" type="java.lang.IllegalStateException">java.lang.IllegalStateException: Target host is null
	at AppTest.verifyTaxRate(AppTest.java:72)
</failure>
  </testcase>
  <testcase name="verifyTaxRate" classname="AppTest" time="0.004">
    <failure message="Target host is null" type="java.lang.IllegalStateException">java.lang.IllegalStateException: Target host is null
	at AppTest.verifyTaxRate(AppTest.java:72)
</failure>
  </testcase>
  <testcase name="verifyTaxRate" classname="AppTest" time="0.004">
    <failure message="Target host is null" type="java.lang.IllegalStateException">java.lang.IllegalStateException: Target host is null
	at AppTest.verifyTaxRate(AppTest.java:72)
</failure>
  </testcase>
  <testcase name="verifyTaxRate" classname="AppTest" time="0.004">
    <failure message="Target host is null" type="java.lang.IllegalStateException">java.lang.IllegalStateException: Target host is null
	at AppTest.verifyTaxRate(AppTest.java:72)
</failure>
  </testcase>
  <testcase name="verifyTaxRate" classname="AppTest" time="0.004">
    <failure message="Target host is null" type="java.lang.IllegalStateException">java.lang.IllegalStateException: Target host is null
	at AppTest.verifyTaxRate(AppTest.java:72)
</failure>
  </testcase>
  <testcase name="verifyTaxRate" classname="AppTest" time="0.003">
    <failure message="Target host is null" type="java.lang.IllegalStateException">java.lang.IllegalStateException: Target host is null
	at AppTest.verifyTaxRate(AppTest.java:72)
</failure>
  </testcase>
  <testcase name="verifyTaxRate" classname="AppTest" time="0.004">
    <failure message="Target host is null" type="java.lang.IllegalStateException">java.lang.IllegalStateException: Target host is null
	at AppTest.verifyTaxRate(AppTest.java:72)
</failure>
  </testcase>
  <testcase name="verifyTaxRate" classname="AppTest" time="0.004">
    <failure message="Target host is null" type="java.lang.IllegalStateException">java.lang.IllegalStateException: Target host is null
	at AppTest.verifyTaxRate(AppTest.java:72)
</failure>
  </testcase>
  <testcase name="verifyTaxRate" classname="AppTest" time="0.003">
    <failure message="Target host is null" type="java.lang.IllegalStateException">java.lang.IllegalStateException: Target host is null
	at AppTest.verifyTaxRate(AppTest.java:72)
</failure>
  </testcase>
  <testcase name="verifyTaxRate" classname="AppTest" time="0.003">
    <failure message="Target host is null" type="java.lang.IllegalStateException">java.lang.IllegalStateException: Target host is null
	at AppTest.verifyTaxRate(AppTest.java:72)
</failure>
  </testcase>
  <testcase name="verifyTaxRate" classname="AppTest" time="0.003">
    <failure message="Target host is null" type="java.lang.IllegalStateException">java.lang.IllegalStateException: Target host is null
	at AppTest.verifyTaxRate(AppTest.java:72)
</failure>
  </testcase>
  <testcase name="verifyTaxRate" classname="AppTest" time="0.003">
    <failure message="Target host is null" type="java.lang.IllegalStateException">java.lang.IllegalStateException: Target host is null
	at AppTest.verifyTaxRate(AppTest.java:72)
</failure>
  </testcase>
  <testcase name="verifyTaxRate" classname="AppTest" time="0.003">
    <failure message="Target host is null" type="java.lang.IllegalStateException">java.lang.IllegalStateException: Target host is null
	at AppTest.verifyTaxRate(AppTest.java:72)
</failure>
  </testcase>
  <testcase name="verifyTaxRate" classname="AppTest" time="0.003">
    <failure message="Target host is null" type="java.lang.IllegalStateException">java.lang.IllegalStateException: Target host is null
	at AppTest.verifyTaxRate(AppTest.java:72)
</failure>
  </testcase>
  <testcase name="verifyTaxRate" classname="AppTest" time="0.003">
    <failure message="Target host is null" type="java.lang.IllegalStateException">java.lang.IllegalStateException: Target host is null
	at AppTest.verifyTaxRate(AppTest.java:72)
</failure>
  </testcase>
  <testcase name="verifyTaxRate" classname="AppTest" time="0.003">
    <failure message="Target host is null" type="java.lang.IllegalStateException">java.lang.IllegalStateException: Target host is null
	at AppTest.verifyTaxRate(AppTest.java:72)
</failure>
  </testcase>
  <testcase name="verifyTaxRate" classname="AppTest" time="0.002">
    <failure message="Target host is null" type="java.lang.IllegalStateException">java.lang.IllegalStateException: Target host is null
	at AppTest.verifyTaxRate(AppTest.java:72)
</failure>
  </testcase>
  <testcase name="verifyTaxRate" classname="AppTest" time="0.004">
    <failure message="Target host is null" type="java.lang.IllegalStateException">java.lang.IllegalStateException: Target host is null
	at AppTest.verifyTaxRate(AppTest.java:72)
</failure>
  </testcase>
  <testcase name="verifyTaxRate" classname="AppTest" time="0.003">
    <failure message="Target host is null" type="java.lang.IllegalStateException">java.lang.IllegalStateException: Target host is null
	at AppTest.verifyTaxRate(AppTest.java:72)
</failure>
  </testcase>
</testsuite>